<?xml version="1.0" encoding="UTF-8"?>
<!-- Generated by org.testng.reporters.JUnitReportReporter -->
<testsuite skipped="0" hostname="DESKTOP-CG9G5TL" name="testNG.SampleTestNgAnitations" tests="2" failures="0" timestamp="19 Sep 2019 09:34:42 GMT" time="0.015" errors="0">
  <testcase name="test2" time="0.015" classname="testNG.SampleTestNgAnitations"/>
  <testcase name="test1" time="0.000" classname="testNG.SampleTestNgAnitations"/>
</testsuite> <!-- testNG.SampleTestNgAnitations -->
