<?xml version="1.0" encoding="UTF-8"?>
<!-- Generated by org.testng.reporters.JUnitReportReporter -->
<testsuite skipped="0" hostname="DESKTOP-CG9G5TL" name="testNG.SimpleTestNG" tests="3" failures="0" timestamp="18 May 2019 16:14:14 GMT" time="22.112" errors="0">
  <testcase name="screenshot" time="1.412" classname="testNG.SimpleTestNG"/>
  <testcase name="testcases2" time="7.346" classname="testNG.SimpleTestNG"/>
  <testcase name="testcase1" time="13.354" classname="testNG.SimpleTestNG"/>
</testsuite> <!-- testNG.SimpleTestNG -->
