<?xml version="1.0" encoding="UTF-8"?>
<!-- Generated by org.testng.reporters.JUnitReportReporter -->
<testsuite skipped="0" hostname="DESKTOP-CG9G5TL" name="testNG.SampleAssurt" tests="2" failures="0" timestamp="29 Mar 2019 03:48:20 GMT" time="8.380" errors="0">
  <testcase name="openImage" time="8.380" classname="testNG.SampleAssurt"/>
  <testcase name="test2" time="0.000" classname="testNG.SampleAssurt"/>
</testsuite> <!-- testNG.SampleAssurt -->
