<?xml version="1.0" encoding="UTF-8"?>
<!-- Generated by org.testng.reporters.JUnitReportReporter -->
<testsuite skipped="0" hostname="DESKTOP-CG9G5TL" name="testNG.CompareAnitations" tests="2" failures="0" timestamp="19 Sep 2019 09:33:21 GMT" time="0.188" errors="0">
  <testcase name="test2" time="0.047" classname="testNG.CompareAnitations"/>
  <testcase name="test1" time="0.141" classname="testNG.CompareAnitations"/>
</testsuite> <!-- testNG.CompareAnitations -->
