<?xml version="1.0" encoding="UTF-8"?>
<!-- Generated by org.testng.reporters.JUnitReportReporter -->
<testsuite skipped="0" hostname="DESKTOP-CG9G5TL" name="testNG.Assignment" tests="3" failures="0" timestamp="16 May 2019 17:29:52 GMT" time="1.820" errors="0">
  <testcase name="rediffUnlimitedStorage" time="0.998" classname="testNG.Assignment"/>
  <testcase name="elementsInDropdowns" time="0.508" classname="testNG.Assignment"/>
  <testcase name="availableDefault" time="0.314" classname="testNG.Assignment"/>
</testsuite> <!-- testNG.Assignment -->
