<?xml version="1.0" encoding="UTF-8"?>
<!-- Generated by org.testng.reporters.JUnitReportReporter -->
<testsuite skipped="0" hostname="DESKTOP-CG9G5TL" name="com.parallel.ParallelTestExecution" tests="6" failures="0" timestamp="21 Oct 2019 03:31:19 GMT" time="0.050" errors="0">
  <testcase name="test5" time="0.026" classname="com.parallel.ParallelTestExecution"/>
  <testcase name="test6" time="0.002" classname="com.parallel.ParallelTestExecution"/>
  <testcase name="test1" time="0.016" classname="com.parallel.ParallelTestExecution"/>
  <testcase name="test4" time="0.002" classname="com.parallel.ParallelTestExecution"/>
  <testcase name="test2" time="0.002" classname="com.parallel.ParallelTestExecution"/>
  <testcase name="test3" time="0.002" classname="com.parallel.ParallelTestExecution"/>
</testsuite> <!-- com.parallel.ParallelTestExecution -->
